<?xml version="1.0" encoding="UTF-8"?>
<!-- Generated by org.testng.reporters.JUnitReportReporter -->
<testsuite hostname="Supreet-DESKTOP-TD92VDE" failures="0" tests="1" name="com.mailmodo.testscript.PlatformDropdown" time="101.618" errors="0" timestamp="2025-08-15T21:45:50 IST" skipped="0">
  <testcase classname="com.mailmodo.testscript.PlatformDropdown" name="checkPageDisplayed" time="101.618"/>
</testsuite> <!-- com.mailmodo.testscript.PlatformDropdown -->
